c:\users\cypher\desktop\eon\clean\eon\eon\x64\release\vc143.pdb
c:\users\cypher\desktop\eon\clean\eon\eon\x64\release\injector.obj
c:\users\cypher\desktop\eon\clean\eon\eon\x64\release\main.obj
c:\users\cypher\desktop\eon\clean\eon\eon\x64\release\imgui_widgets.obj
c:\users\cypher\desktop\eon\clean\eon\eon\x64\release\imgui_tables.obj
c:\users\cypher\desktop\eon\clean\eon\eon\x64\release\imgui_impl_win32.obj
c:\users\cypher\desktop\eon\clean\eon\eon\x64\release\imgui_impl_dx9.obj
c:\users\cypher\desktop\eon\clean\eon\eon\x64\release\imgui_draw.obj
c:\users\cypher\desktop\eon\clean\eon\eon\x64\release\imgui_demo.obj
c:\users\cypher\desktop\eon\clean\eon\eon\x64\release\imgui.obj
c:\users\cypher\desktop\eon\clean\eon\x64\release\eon.exe
c:\users\cypher\desktop\eon\clean\eon\eon\x64\release\eon.ipdb
c:\users\cypher\desktop\eon\clean\eon\eon\x64\release\eon.iobj
c:\users\cypher\desktop\eon\clean\eon\x64\release\eon.map
c:\users\cypher\desktop\eon\clean\eon\eon\x64\release\eon.res
c:\users\tripl\desktop\eon\eon\x64\release\imgui.obj
c:\users\tripl\desktop\eon\eon\x64\release\imgui_demo.obj
c:\users\tripl\desktop\eon\eon\x64\release\imgui_draw.obj
c:\users\tripl\desktop\eon\eon\x64\release\imgui_impl_dx9.obj
c:\users\tripl\desktop\eon\eon\x64\release\imgui_impl_win32.obj
c:\users\tripl\desktop\eon\eon\x64\release\imgui_tables.obj
c:\users\tripl\desktop\eon\eon\x64\release\imgui_widgets.obj
c:\users\tripl\desktop\eon\eon\x64\release\injector.obj
c:\users\tripl\desktop\eon\eon\x64\release\main.obj
c:\users\tripl\desktop\eon\eon\x64\release\eon.ipdb
c:\users\tripl\desktop\eon\eon\x64\release\eon.iobj
c:\users\tripl\desktop\eon\eon\x64\release\eon.res
c:\users\tripl\desktop\eon\eon\x64\release\vc143.pdb
c:\users\tripl\desktop\eon\eon\x64\release\eon.tlog\cl.command.1.tlog
c:\users\tripl\desktop\eon\eon\x64\release\eon.tlog\cl.items.tlog
c:\users\tripl\desktop\eon\eon\x64\release\eon.tlog\cl.read.1.tlog
c:\users\tripl\desktop\eon\eon\x64\release\eon.tlog\cl.write.1.tlog
c:\users\tripl\desktop\eon\eon\x64\release\eon.tlog\link.command.1.tlog
c:\users\tripl\desktop\eon\eon\x64\release\eon.tlog\link.read.1.tlog
c:\users\tripl\desktop\eon\eon\x64\release\eon.tlog\link.write.1.tlog
c:\users\tripl\desktop\eon\eon\x64\release\eon.tlog\rc.command.1.tlog
c:\users\tripl\desktop\eon\eon\x64\release\eon.tlog\rc.read.1.tlog
c:\users\tripl\desktop\eon\eon\x64\release\eon.tlog\rc.write.1.tlog
